SF:lib\services\auto_update_manager.dart
DA:20,0
DA:22,0
DA:23,0
DA:27,0
DA:29,0
DA:30,0
DA:34,0
DA:36,0
DA:37,0
DA:39,0
DA:44,0
DA:46,0
DA:47,0
DA:51,0
DA:53,0
DA:54,0
DA:58,0
DA:60,0
DA:61,0
DA:65,0
DA:67,0
DA:69,0
DA:74,0
DA:78,0
DA:84,0
DA:89,0
DA:90,0
DA:91,0
DA:92,0
DA:97,0
DA:98,0
DA:100,0
DA:101,0
DA:103,0
DA:110,0
DA:112,0
DA:113,0
DA:114,0
DA:115,0
DA:118,0
DA:119,0
DA:120,0
DA:122,0
DA:125,0
DA:127,0
DA:129,0
DA:134,0
DA:139,0
DA:142,0
DA:143,0
DA:144,0
DA:145,0
DA:148,0
DA:151,0
DA:153,0
DA:162,0
DA:167,0
DA:169,0
DA:172,0
DA:174,0
DA:175,0
DA:178,0
DA:179,0
DA:186,0
DA:191,0
DA:193,0
DA:196,0
DA:198,0
DA:200,0
DA:201,0
DA:216,0
DA:224,0
DA:229,0
DA:233,0
DA:234,0
DA:236,0
DA:237,0
DA:239,0
DA:240,0
DA:243,0
DA:246,0
DA:248,0
DA:250,0
DA:253,0
DA:257,0
DA:263,0
DA:268,0
DA:277,0
DA:279,0
DA:280,0
DA:283,0
DA:284,0
DA:287,0
DA:289,0
DA:292,0
DA:293,0
DA:294,0
LF:97
LH:0
end_of_record
SF:lib\services\android_package_service.dart
DA:37,0
DA:39,0
DA:42,0
DA:43,0
DA:52,0
DA:56,0
DA:61,0
DA:67,0
DA:73,0
DA:75,0
DA:77,0
DA:79,0
DA:81,0
DA:83,0
DA:85,0
DA:87,0
DA:98,0
DA:103,0
DA:116,0
DA:117,0
DA:125,0
LF:21
LH:0
end_of_record
SF:lib\services\enhanced_update_service.dart
DA:26,0
DA:47,0
DA:56,0
DA:57,0
DA:58,0
DA:59,0
DA:60,0
DA:62,0
DA:74,0
DA:77,0
DA:78,0
DA:83,0
DA:84,0
DA:86,0
DA:87,0
DA:94,0
DA:100,0
DA:101,0
DA:104,0
DA:109,0
DA:110,0
DA:111,0
DA:112,0
DA:120,0
DA:121,0
DA:122,0
DA:123,0
DA:127,0
DA:128,0
DA:129,0
DA:130,0
DA:134,0
DA:135,0
DA:139,0
DA:143,0
DA:145,0
DA:146,0
DA:147,0
DA:148,0
DA:153,0
DA:154,0
DA:162,0
DA:164,0
DA:165,0
DA:167,0
DA:168,0
DA:170,0
DA:172,0
DA:173,0
DA:179,0
DA:180,0
DA:188,0
DA:193,0
DA:194,0
DA:198,0
DA:200,0
DA:203,0
DA:204,0
DA:207,0
DA:208,0
DA:215,0
DA:216,0
DA:217,0
DA:220,0
DA:221,0
DA:222,0
DA:226,0
DA:227,0
DA:230,0
DA:231,0
DA:236,0
DA:238,0
DA:248,0
DA:249,0
DA:257,0
DA:258,0
DA:267,0
DA:268,0
DA:269,0
DA:272,0
DA:273,0
DA:275,0
DA:276,0
DA:278,0
DA:279,0
DA:281,0
DA:282,0
DA:284,0
DA:285,0
DA:289,0
DA:290,0
DA:291,0
DA:292,0
DA:293,0
DA:294,0
DA:295,0
DA:296,0
DA:297,0
DA:298,0
DA:299,0
DA:307,0
DA:308,0
DA:309,0
DA:310,0
DA:311,0
DA:312,0
DA:313,0
DA:314,0
DA:315,0
DA:316,0
DA:317,0
DA:327,0
DA:330,0
DA:331,0
DA:332,0
DA:341,0
DA:342,0
DA:345,0
DA:347,0
DA:349,0
DA:353,0
DA:354,0
DA:356,0
DA:357,0
DA:358,0
DA:360,0
DA:362,0
DA:365,0
DA:369,0
DA:372,0
DA:373,0
DA:381,0
DA:382,0
DA:383,0
DA:384,0
DA:385,0
DA:387,0
DA:388,0
DA:389,0
DA:393,0
DA:394,0
DA:395,0
DA:402,0
DA:403,0
DA:404,0
DA:407,0
DA:411,0
DA:412,0
DA:414,0
DA:415,0
DA:418,0
DA:419,0
DA:422,0
DA:424,0
DA:425,0
DA:427,0
DA:428,0
DA:429,0
DA:434,0
DA:435,0
DA:438,0
DA:441,0
DA:442,0
DA:451,0
DA:452,0
DA:454,0
DA:455,0
DA:456,0
DA:458,0
DA:462,0
DA:463,0
DA:464,0
DA:467,0
DA:468,0
DA:469,0
DA:477,0
DA:481,0
DA:482,0
DA:483,0
DA:491,0
DA:492,0
DA:495,0
DA:496,0
DA:497,0
DA:498,0
DA:499,0
DA:500,0
DA:505,0
DA:509,0
DA:510,0
DA:512,0
DA:515,0
DA:516,0
DA:517,0
DA:522,0
DA:526,0
DA:527,0
DA:529,0
DA:533,0
DA:534,0
DA:537,0
DA:538,0
DA:541,0
DA:544,0
DA:546,0
DA:547,0
DA:548,0
DA:552,0
DA:553,0
DA:558,0
DA:564,0
DA:570,0
DA:572,0
DA:582,0
DA:583,0
DA:584,0
DA:585,0
DA:587,0
DA:589,0
DA:590,0
DA:596,0
DA:597,0
DA:598,0
DA:599,0
DA:600,0
DA:602,0
DA:604,0
DA:606,0
DA:608,0
DA:612,0
DA:614,0
DA:615,0
DA:616,0
DA:618,0
DA:619,0
DA:620,0
DA:621,0
DA:628,0
DA:630,0
DA:633,0
DA:635,0
DA:636,0
DA:637,0
DA:638,0
DA:639,0
DA:647,0
DA:648,0
DA:656,0
DA:658,0
DA:659,0
DA:660,0
DA:663,0
DA:665,0
DA:666,0
DA:667,0
DA:673,0
DA:674,0
DA:682,0
DA:684,0
DA:686,0
DA:689,0
DA:696,0
DA:697,0
DA:704,0
DA:707,0
DA:708,0
DA:712,0
DA:713,0
DA:718,0
DA:719,0
DA:724,0
DA:729,0
DA:731,0
DA:732,0
DA:736,0
DA:739,0
DA:741,0
DA:742,0
DA:743,0
DA:747,0
DA:753,0
DA:755,0
DA:757,0
DA:758,0
DA:761,0
DA:762,0
DA:765,0
DA:768,0
DA:769,0
DA:779,0
DA:780,0
DA:781,0
DA:790,0
DA:794,0
DA:795,0
DA:796,0
DA:806,0
DA:809,0
DA:812,0
DA:815,0
DA:818,0
DA:821,0
DA:824,0
DA:827,0
DA:828,0
DA:832,0
DA:835,0
DA:836,0
DA:841,0
DA:846,0
DA:847,0
DA:848,0
DA:852,0
DA:859,0
DA:865,0
DA:868,0
DA:870,0
DA:872,0
DA:873,0
DA:874,0
DA:875,0
DA:883,0
DA:884,0
DA:893,0
DA:894,0
DA:897,0
DA:898,0
DA:902,0
LF:328
LH:0
end_of_record
SF:lib\widgets\update_dialogs.dart
DA:14,0
DA:21,0
DA:22,0
DA:36,0
DA:38,0
DA:42,0
DA:44,0
DA:46,0
DA:47,0
DA:49,0
DA:50,0
DA:52,0
DA:56,0
DA:58,0
DA:59,0
DA:60,0
DA:63,0
DA:65,0
DA:66,0
DA:67,0
DA:68,0
DA:77,0
DA:78,0
DA:79,0
DA:84,0
DA:87,0
DA:90,0
DA:91,0
DA:93,0
DA:94,0
DA:95,0
DA:96,0
DA:97,0
DA:98,0
DA:100,0
DA:101,0
DA:102,0
DA:108,0
DA:109,0
DA:110,0
DA:111,0
DA:112,0
DA:113,0
DA:114,0
DA:117,0
DA:125,0
DA:127,0
DA:128,0
DA:130,0
DA:132,0
DA:133,0
DA:141,0
DA:144,0
DA:147,0
DA:148,0
DA:149,0
DA:152,0
DA:153,0
DA:154,0
DA:163,0
DA:166,0
DA:167,0
DA:169,0
DA:170,0
DA:171,0
DA:172,0
DA:180,0
DA:185,0
DA:186,0
DA:187,0
DA:188,0
DA:189,0
DA:192,0
DA:197,0
DA:203,0
DA:204,0
DA:205,0
DA:206,0
DA:210,0
DA:211,0
DA:212,0
DA:213,0
DA:214,0
DA:217,0
DA:224,0
DA:225,0
DA:226,0
DA:227,0
DA:228,0
DA:229,0
DA:231,0
DA:234,0
DA:235,0
DA:236,0
DA:237,0
DA:238,0
DA:239,0
DA:243,0
DA:244,0
DA:245,0
DA:247,0
DA:248,0
DA:256,0
DA:257,0
DA:260,0
DA:261,0
DA:263,0
DA:264,0
DA:265,0
DA:267,0
DA:268,0
DA:269,0
DA:271,0
DA:274,0
DA:275,0
DA:277,0
DA:279,0
DA:281,0
DA:294,0
DA:296,0
DA:297,0
DA:299,0
DA:300,0
DA:302,0
DA:304,0
DA:305,0
DA:306,0
DA:309,0
DA:311,0
DA:313,0
DA:319,0
DA:324,0
DA:325,0
DA:333,0
DA:335,0
DA:336,0
DA:337,0
DA:339,0
DA:341,0
DA:342,0
DA:343,0
DA:346,0
DA:348,0
DA:350,0
DA:356,0
DA:358,0
DA:359,0
DA:368,0
DA:369,0
DA:370,0
DA:371,0
DA:372,0
DA:373,0
DA:377,0
DA:378,0
DA:379,0
DA:380,0
DA:385,0
DA:388,0
DA:395,0
DA:396,0
DA:403,0
DA:406,0
DA:407,0
DA:413,0
DA:417,0
DA:428,0
DA:430,0
DA:431,0
DA:432,0
DA:433,0
DA:434,0
DA:440,0
DA:442,0
DA:443,0
DA:444,0
DA:447,0
DA:449,0
DA:451,0
DA:452,0
DA:454,0
DA:455,0
DA:457,0
DA:459,0
DA:460,0
DA:461,0
DA:462,0
DA:463,0
DA:465,0
DA:466,0
DA:467,0
DA:468,0
DA:475,0
DA:476,0
DA:477,0
DA:482,0
DA:483,0
DA:484,0
DA:485,0
DA:486,0
DA:488,0
DA:491,0
DA:493,0
DA:496,0
DA:498,0
DA:499,0
DA:500,0
DA:501,0
DA:503,0
DA:504,0
DA:505,0
DA:506,0
DA:507,0
DA:513,0
DA:515,0
DA:517,0
DA:518,0
DA:519,0
DA:521,0
DA:523,0
DA:524,0
DA:525,0
DA:526,0
DA:528,0
DA:530,0
DA:534,0
DA:535,0
DA:537,0
DA:538,0
DA:539,0
DA:541,0
DA:549,0
DA:553,0
DA:554,0
DA:555,0
DA:556,0
DA:557,0
DA:558,0
DA:560,0
DA:571,0
DA:573,0
DA:575,0
DA:576,0
DA:577,0
DA:579,0
DA:580,0
DA:581,0
DA:583,0
DA:585,0
DA:589,0
DA:590,0
DA:592,0
DA:593,0
DA:594,0
DA:596,0
DA:608,0
DA:610,0
DA:611,0
DA:614,0
DA:615,0
DA:618,0
DA:619,0
DA:620,0
DA:621,0
DA:622,0
DA:623,0
DA:641,0
DA:648,0
DA:651,0
DA:652,0
DA:653,0
DA:656,0
DA:657,0
DA:658,0
DA:659,0
DA:661,0
DA:667,0
DA:669,0
DA:672,0
DA:674,0
DA:677,0
DA:678,0
DA:679,0
DA:681,0
DA:683,0
DA:684,0
DA:686,0
DA:687,0
DA:690,0
DA:691,0
DA:692,0
DA:693,0
DA:697,0
DA:699,0
DA:700,0
DA:701,0
DA:702,0
DA:706,0
DA:708,0
DA:709,0
DA:710,0
DA:711,0
DA:722,0
DA:723,0
DA:724,0
DA:726,0
DA:728,0
DA:731,0
DA:734,0
DA:735,0
DA:736,0
DA:737,0
DA:741,0
DA:742,0
DA:744,0
DA:746,0
DA:749,0
DA:751,0
DA:753,0
DA:759,0
DA:761,0
DA:762,0
DA:763,0
DA:764,0
DA:769,0
DA:770,0
DA:771,0
DA:773,0
DA:776,0
DA:782,0
DA:783,0
DA:784,0
DA:785,0
LF:333
LH:0
end_of_record
SF:lib\services\update_manager.dart
DA:17,0
DA:18,0
DA:19,0
DA:21,0
DA:22,0
DA:25,0
DA:26,0
DA:28,0
DA:32,0
DA:33,0
DA:34,0
DA:36,0
DA:37,0
DA:39,0
DA:42,0
DA:43,0
DA:46,0
DA:48,0
DA:49,0
DA:51,0
DA:52,0
DA:53,0
DA:56,0
DA:57,0
DA:58,0
DA:61,0
DA:62,0
DA:65,0
DA:72,0
DA:73,0
DA:75,0
DA:76,0
DA:78,0
DA:81,0
DA:83,0
DA:86,0
DA:87,0
DA:90,0
DA:93,0
DA:95,0
DA:96,0
DA:97,0
DA:100,0
DA:101,0
DA:104,0
DA:105,0
DA:107,0
DA:108,0
DA:110,0
DA:112,0
DA:115,0
DA:117,0
DA:119,0
DA:120,0
DA:123,0
DA:124,0
DA:127,0
DA:128,0
DA:129,0
DA:130,0
DA:132,0
DA:133,0
DA:134,0
DA:136,0
DA:137,0
DA:138,0
DA:141,0
DA:142,0
DA:146,0
DA:147,0
DA:152,0
DA:154,0
DA:157,0
DA:158,0
DA:159,0
DA:162,0
DA:163,0
DA:164,0
DA:165,0
DA:166,0
DA:170,0
DA:174,0
DA:176,0
DA:178,0
DA:180,0
DA:182,0
DA:184,0
DA:186,0
DA:188,0
DA:190,0
DA:192,0
DA:194,0
DA:196,0
DA:198,0
DA:200,0
DA:202,0
DA:204,0
DA:206,0
DA:208,0
DA:211,0
DA:212,0
DA:216,0
DA:217,0
DA:219,0
DA:220,0
DA:222,0
DA:225,0
DA:229,0
DA:231,0
DA:232,0
DA:233,0
DA:234,0
DA:246,0
DA:247,0
DA:248,0
DA:250,0
DA:251,0
DA:252,0
DA:255,0
DA:256,0
DA:257,0
DA:259,0
DA:260,0
DA:263,0
DA:264,0
DA:265,0
DA:266,0
DA:267,0
DA:268,0
DA:269,0
DA:270,0
DA:272,0
DA:274,0
DA:275,0
DA:276,0
DA:277,0
DA:278,0
DA:280,0
DA:281,0
DA:282,0
DA:285,0
DA:286,0
DA:287,0
DA:288,0
LF:144
LH:0
end_of_record
